<?xml version="1.0" encoding="UTF-8"?>
<!-- Generated by org.testng.reporters.JUnitXMLReporter -->
<testsuite ignored="2" hostname="DESKTOP-K9AEV60" failures="0" tests="1" name="Default test" time="8.088" errors="0" timestamp="2025-08-14T21:54:36 IST">
  <testcase classname="testCases.ValidateLoginPageTest" name="TC_L_003" time="3.506"/>
  <testcase classname="testCases.ValidateLoginPageTest" name="TC_L_001" time="0.0">
    <ignored/>
  </testcase> <!-- TC_L_001 -->
  <testcase classname="testCases.ValidateLoginPageTest" name="TC_L_002" time="0.0">
    <ignored/>
  </testcase> <!-- TC_L_002 -->
</testsuite> <!-- Default test -->
