<?xml version="1.0" encoding="UTF-8"?>
<!-- Generated by org.testng.reporters.JUnitXMLReporter -->
<testsuite ignored="0" hostname="DESKTOP-K9AEV60" failures="1" tests="1" name="Test" time="8.771" errors="0" timestamp="2025-08-13T20:50:07 IST">
  <testcase classname="testCases.TC_R_001" name="sample" time="1.785">
    <failure type="java.lang.AssertionError" message="expected [true] but found [false]">
      <![CDATA[java.lang.AssertionError: expected [true] but found [false]
at testCases.TC_R_001.sample(TC_R_001.java:33)
at java.base/java.util.ArrayList.forEach(ArrayList.java:1596)
... Removed 29 stack frames]]>
    </failure>
  </testcase> <!-- sample -->
</testsuite> <!-- Test -->
