<?xml version="1.0" encoding="UTF-8"?>
<!-- Generated by org.testng.reporters.JUnitXMLReporter -->
<testsuite ignored="0" hostname="DESKTOP-K9AEV60" failures="0" tests="6" name="Test" time="29.702" errors="0" timestamp="2025-08-14T21:20:21 IST">
  <testcase classname="testCases.ValidateRegistrationTest" name="TC_R_001" time="2.522"/>
  <testcase classname="testCases.ValidateRegistrationTest" name="TC_R_002" time="1.537"/>
  <testcase classname="testCases.ValidateRegistrationTest" name="TC_R_003" time="3.39"/>
  <testcase classname="testCases.ValidateRegistrationTest" name="TC_R_004" time="3.415"/>
  <testcase classname="testCases.ValidateRegistrationTest" name="TC_R_005" time="4.052"/>
  <testcase classname="testCases.ValidateLoginPageTest" name="TC_L_001" time="3.019"/>
</testsuite> <!-- Test -->
