<?xml version="1.0" encoding="UTF-8"?>
<testng-results ignored="2" total="3" passed="1" failed="0" skipped="0">
  <reporter-output>
  </reporter-output>
  <suite started-at="2025-08-14T21:54:28 IST" name="Default suite" finished-at="2025-08-14T21:54:36 IST" duration-ms="8088">
    <groups>
    </groups>
    <test started-at="2025-08-14T21:54:28 IST" name="Default test" finished-at="2025-08-14T21:54:36 IST" duration-ms="8088">
      <class name="testCases.ValidateLoginPageTest">
        <test-method is-config="true" signature="setup()[pri:0, instance:testCases.ValidateLoginPageTest@3eb25e1a]" started-at="2025-08-14T21:54:28 IST" name="setup" finished-at="2025-08-14T21:54:33 IST" duration-ms="4232" status="PASS">
          <reporter-output>
          </reporter-output>
        </test-method> <!-- setup -->
        <test-method signature="TC_L_003()[pri:0, instance:testCases.ValidateLoginPageTest@3eb25e1a]" started-at="2025-08-14T21:54:33 IST" name="TC_L_003" finished-at="2025-08-14T21:54:36 IST" duration-ms="3506" status="PASS">
          <reporter-output>
          </reporter-output>
        </test-method> <!-- TC_L_003 -->
        <test-method is-config="true" signature="teardown()[pri:0, instance:testCases.ValidateLoginPageTest@3eb25e1a]" started-at="2025-08-14T21:54:36 IST" name="teardown" finished-at="2025-08-14T21:54:36 IST" duration-ms="275" status="PASS">
          <reporter-output>
          </reporter-output>
        </test-method> <!-- teardown -->
      </class> <!-- testCases.ValidateLoginPageTest -->
    </test> <!-- Default test -->
  </suite> <!-- Default suite -->
</testng-results>
